mode: atomic
github.com/CSTDPP/graylog-auth-proxy/cmd/proxy/main.go:31.13,37.16 4 0
github.com/CSTDPP/graylog-auth-proxy/cmd/proxy/main.go:37.16,40.3 2 0
github.com/CSTDPP/graylog-auth-proxy/cmd/proxy/main.go:42.2,59.16 4 0
github.com/CSTDPP/graylog-auth-proxy/cmd/proxy/main.go:59.16,62.3 2 0
github.com/CSTDPP/graylog-auth-proxy/cmd/proxy/main.go:65.2,69.16 3 0
github.com/CSTDPP/graylog-auth-proxy/cmd/proxy/main.go:69.16,72.3 2 0
github.com/CSTDPP/graylog-auth-proxy/cmd/proxy/main.go:75.2,79.16 3 0
github.com/CSTDPP/graylog-auth-proxy/cmd/proxy/main.go:79.16,82.3 2 0
github.com/CSTDPP/graylog-auth-proxy/cmd/proxy/main.go:85.2,93.16 5 0
github.com/CSTDPP/graylog-auth-proxy/cmd/proxy/main.go:93.16,96.3 2 0
github.com/CSTDPP/graylog-auth-proxy/cmd/proxy/main.go:98.2,99.33 2 0
github.com/CSTDPP/graylog-auth-proxy/cmd/proxy/main.go:99.33,101.17 2 0
github.com/CSTDPP/graylog-auth-proxy/cmd/proxy/main.go:101.17,104.4 2 0
github.com/CSTDPP/graylog-auth-proxy/cmd/proxy/main.go:105.3,106.45 2 0
github.com/CSTDPP/graylog-auth-proxy/cmd/proxy/main.go:106.45,109.4 2 0
github.com/CSTDPP/graylog-auth-proxy/cmd/proxy/main.go:110.3,112.4 1 0
github.com/CSTDPP/graylog-auth-proxy/cmd/proxy/main.go:116.2,130.16 11 0
github.com/CSTDPP/graylog-auth-proxy/cmd/proxy/main.go:130.16,133.3 2 0
github.com/CSTDPP/graylog-auth-proxy/cmd/proxy/main.go:135.2,148.12 4 0
github.com/CSTDPP/graylog-auth-proxy/cmd/proxy/main.go:148.12,153.3 2 0
github.com/CSTDPP/graylog-auth-proxy/cmd/proxy/main.go:156.2,159.9 3 0
github.com/CSTDPP/graylog-auth-proxy/cmd/proxy/main.go:160.22,161.55 1 0
github.com/CSTDPP/graylog-auth-proxy/cmd/proxy/main.go:162.22,164.13 2 0
github.com/CSTDPP/graylog-auth-proxy/cmd/proxy/main.go:168.2,171.53 3 0
github.com/CSTDPP/graylog-auth-proxy/cmd/proxy/main.go:171.53,174.3 2 0
github.com/CSTDPP/graylog-auth-proxy/cmd/proxy/main.go:176.2,176.31 1 0
github.com/CSTDPP/graylog-auth-proxy/internal/jwt/validator.go:27.87,31.16 3 0
github.com/CSTDPP/graylog-auth-proxy/internal/jwt/validator.go:31.16,33.3 1 0
github.com/CSTDPP/graylog-auth-proxy/internal/jwt/validator.go:35.2,39.44 2 0
github.com/CSTDPP/graylog-auth-proxy/internal/jwt/validator.go:46.85,48.16 2 0
github.com/CSTDPP/graylog-auth-proxy/internal/jwt/validator.go:48.16,50.3 1 0
github.com/CSTDPP/graylog-auth-proxy/internal/jwt/validator.go:52.2,60.45 2 0
github.com/CSTDPP/graylog-auth-proxy/internal/jwt/validator.go:60.45,62.3 1 0
github.com/CSTDPP/graylog-auth-proxy/internal/jwt/validator.go:64.2,65.20 2 0
github.com/CSTDPP/graylog-auth-proxy/internal/jwt/validator.go:65.20,67.3 1 0
github.com/CSTDPP/graylog-auth-proxy/internal/jwt/validator.go:68.2,68.20 1 0
github.com/CSTDPP/graylog-auth-proxy/internal/jwt/validator.go:68.20,70.3 1 0
github.com/CSTDPP/graylog-auth-proxy/internal/jwt/validator.go:72.2,73.18 2 0
github.com/CSTDPP/graylog-auth-proxy/internal/jwt/validator.go:73.18,75.3 1 0
github.com/CSTDPP/graylog-auth-proxy/internal/jwt/validator.go:77.2,82.8 1 0
github.com/CSTDPP/graylog-auth-proxy/internal/graylog/client.go:54.96,56.16 2 0
github.com/CSTDPP/graylog-auth-proxy/internal/graylog/client.go:56.16,58.3 1 0
github.com/CSTDPP/graylog-auth-proxy/internal/graylog/client.go:59.2,59.46 1 0
github.com/CSTDPP/graylog-auth-proxy/internal/graylog/client.go:59.46,61.3 1 0
github.com/CSTDPP/graylog-auth-proxy/internal/graylog/client.go:63.2,65.22 2 0
github.com/CSTDPP/graylog-auth-proxy/internal/graylog/client.go:65.22,67.21 2 0
github.com/CSTDPP/graylog-auth-proxy/internal/graylog/client.go:67.21,69.4 1 0
github.com/CSTDPP/graylog-auth-proxy/internal/graylog/client.go:71.3,72.45 2 0
github.com/CSTDPP/graylog-auth-proxy/internal/graylog/client.go:72.45,74.4 1 0
github.com/CSTDPP/graylog-auth-proxy/internal/graylog/client.go:76.3,76.39 1 0
github.com/CSTDPP/graylog-auth-proxy/internal/graylog/client.go:76.39,78.4 1 0
github.com/CSTDPP/graylog-auth-proxy/internal/graylog/client.go:79.3,79.49 1 0
github.com/CSTDPP/graylog-auth-proxy/internal/graylog/client.go:82.2,89.48 3 0
github.com/CSTDPP/graylog-auth-proxy/internal/graylog/client.go:89.48,91.3 1 0
github.com/CSTDPP/graylog-auth-proxy/internal/graylog/client.go:93.2,98.8 1 0
github.com/CSTDPP/graylog-auth-proxy/internal/graylog/client.go:103.79,107.16 3 0
github.com/CSTDPP/graylog-auth-proxy/internal/graylog/client.go:107.16,109.3 1 0
github.com/CSTDPP/graylog-auth-proxy/internal/graylog/client.go:111.2,111.44 1 0
github.com/CSTDPP/graylog-auth-proxy/internal/graylog/client.go:111.44,113.3 1 0
github.com/CSTDPP/graylog-auth-proxy/internal/graylog/client.go:114.2,114.38 1 0
github.com/CSTDPP/graylog-auth-proxy/internal/graylog/client.go:114.38,116.3 1 0
github.com/CSTDPP/graylog-auth-proxy/internal/graylog/client.go:118.2,119.52 2 0
github.com/CSTDPP/graylog-auth-proxy/internal/graylog/client.go:119.52,121.3 1 0
github.com/CSTDPP/graylog-auth-proxy/internal/graylog/client.go:123.2,123.19 1 0
github.com/CSTDPP/graylog-auth-proxy/internal/graylog/client.go:127.79,131.16 3 0
github.com/CSTDPP/graylog-auth-proxy/internal/graylog/client.go:131.16,133.3 1 0
github.com/CSTDPP/graylog-auth-proxy/internal/graylog/client.go:135.2,136.16 2 0
github.com/CSTDPP/graylog-auth-proxy/internal/graylog/client.go:136.16,138.3 1 0
github.com/CSTDPP/graylog-auth-proxy/internal/graylog/client.go:140.2,140.79 1 0
github.com/CSTDPP/graylog-auth-proxy/internal/graylog/client.go:140.79,142.3 1 0
github.com/CSTDPP/graylog-auth-proxy/internal/graylog/client.go:144.2,144.12 1 0
github.com/CSTDPP/graylog-auth-proxy/internal/graylog/client.go:148.94,152.16 3 0
github.com/CSTDPP/graylog-auth-proxy/internal/graylog/client.go:152.16,154.3 1 0
github.com/CSTDPP/graylog-auth-proxy/internal/graylog/client.go:156.2,157.16 2 0
github.com/CSTDPP/graylog-auth-proxy/internal/graylog/client.go:157.16,159.3 1 0
github.com/CSTDPP/graylog-auth-proxy/internal/graylog/client.go:161.2,161.81 1 0
github.com/CSTDPP/graylog-auth-proxy/internal/graylog/client.go:161.81,163.3 1 0
github.com/CSTDPP/graylog-auth-proxy/internal/graylog/client.go:165.2,165.12 1 0
github.com/CSTDPP/graylog-auth-proxy/internal/graylog/client.go:170.53,174.16 3 0
github.com/CSTDPP/graylog-auth-proxy/internal/graylog/client.go:174.16,176.3 1 0
github.com/CSTDPP/graylog-auth-proxy/internal/graylog/client.go:178.2,178.38 1 0
github.com/CSTDPP/graylog-auth-proxy/internal/graylog/client.go:178.38,180.3 1 0
github.com/CSTDPP/graylog-auth-proxy/internal/graylog/client.go:182.2,182.12 1 0
github.com/CSTDPP/graylog-auth-proxy/internal/graylog/client.go:187.123,190.35 2 0
github.com/CSTDPP/graylog-auth-proxy/internal/graylog/client.go:190.35,191.18 1 0
github.com/CSTDPP/graylog-auth-proxy/internal/graylog/client.go:191.18,199.11 3 0
github.com/CSTDPP/graylog-auth-proxy/internal/graylog/client.go:200.22,201.89 1 0
github.com/CSTDPP/graylog-auth-proxy/internal/graylog/client.go:202.31,202.31 0 0
github.com/CSTDPP/graylog-auth-proxy/internal/graylog/client.go:206.3,207.22 2 0
github.com/CSTDPP/graylog-auth-proxy/internal/graylog/client.go:207.22,209.4 1 0
github.com/CSTDPP/graylog-auth-proxy/internal/graylog/client.go:211.3,212.17 2 0
github.com/CSTDPP/graylog-auth-proxy/internal/graylog/client.go:212.17,214.4 1 0
github.com/CSTDPP/graylog-auth-proxy/internal/graylog/client.go:216.3,218.22 3 0
github.com/CSTDPP/graylog-auth-proxy/internal/graylog/client.go:218.22,220.4 1 0
github.com/CSTDPP/graylog-auth-proxy/internal/graylog/client.go:222.3,228.17 3 0
github.com/CSTDPP/graylog-auth-proxy/internal/graylog/client.go:228.17,235.12 3 0
github.com/CSTDPP/graylog-auth-proxy/internal/graylog/client.go:238.3,240.21 3 0
github.com/CSTDPP/graylog-auth-proxy/internal/graylog/client.go:240.21,242.12 2 0
github.com/CSTDPP/graylog-auth-proxy/internal/graylog/client.go:245.3,251.29 2 0
github.com/CSTDPP/graylog-auth-proxy/internal/graylog/client.go:251.29,253.12 2 0
github.com/CSTDPP/graylog-auth-proxy/internal/graylog/client.go:256.3,256.25 1 0
github.com/CSTDPP/graylog-auth-proxy/internal/graylog/client.go:259.2,259.74 1 0
github.com/CSTDPP/graylog-auth-proxy/internal/graylog/client.go:264.39,265.21 1 0
github.com/CSTDPP/graylog-auth-proxy/internal/graylog/client.go:265.21,267.3 1 0
github.com/CSTDPP/graylog-auth-proxy/internal/graylog/client.go:268.2,268.21 1 0
github.com/CSTDPP/graylog-auth-proxy/internal/oidc/handler.go:51.150,55.16 3 0
github.com/CSTDPP/graylog-auth-proxy/internal/oidc/handler.go:55.16,57.3 1 0
github.com/CSTDPP/graylog-auth-proxy/internal/oidc/handler.go:59.2,81.8 4 0
github.com/CSTDPP/graylog-auth-proxy/internal/oidc/handler.go:86.71,88.16 2 0
github.com/CSTDPP/graylog-auth-proxy/internal/oidc/handler.go:88.16,92.3 3 0
github.com/CSTDPP/graylog-auth-proxy/internal/oidc/handler.go:94.2,95.16 2 0
github.com/CSTDPP/graylog-auth-proxy/internal/oidc/handler.go:95.16,99.3 3 0
github.com/CSTDPP/graylog-auth-proxy/internal/oidc/handler.go:101.2,103.16 3 0
github.com/CSTDPP/graylog-auth-proxy/internal/oidc/handler.go:103.16,107.3 3 0
github.com/CSTDPP/graylog-auth-proxy/internal/oidc/handler.go:109.2,129.48 5 0
github.com/CSTDPP/graylog-auth-proxy/internal/oidc/handler.go:135.74,140.16 3 0
github.com/CSTDPP/graylog-auth-proxy/internal/oidc/handler.go:140.16,144.3 3 0
github.com/CSTDPP/graylog-auth-proxy/internal/oidc/handler.go:146.2,147.80 2 0
github.com/CSTDPP/graylog-auth-proxy/internal/oidc/handler.go:147.80,151.3 3 0
github.com/CSTDPP/graylog-auth-proxy/internal/oidc/handler.go:154.2,166.50 3 0
github.com/CSTDPP/graylog-auth-proxy/internal/oidc/handler.go:166.50,172.3 3 0
github.com/CSTDPP/graylog-auth-proxy/internal/oidc/handler.go:175.2,175.58 1 0
github.com/CSTDPP/graylog-auth-proxy/internal/oidc/handler.go:175.58,182.3 4 0
github.com/CSTDPP/graylog-auth-proxy/internal/oidc/handler.go:185.2,186.16 2 0
github.com/CSTDPP/graylog-auth-proxy/internal/oidc/handler.go:186.16,190.3 3 0
github.com/CSTDPP/graylog-auth-proxy/internal/oidc/handler.go:192.2,194.16 2 0
github.com/CSTDPP/graylog-auth-proxy/internal/oidc/handler.go:194.16,198.3 3 0
github.com/CSTDPP/graylog-auth-proxy/internal/oidc/handler.go:201.2,202.29 2 0
github.com/CSTDPP/graylog-auth-proxy/internal/oidc/handler.go:202.29,206.3 3 0
github.com/CSTDPP/graylog-auth-proxy/internal/oidc/handler.go:208.2,209.16 2 0
github.com/CSTDPP/graylog-auth-proxy/internal/oidc/handler.go:209.16,213.3 3 0
github.com/CSTDPP/graylog-auth-proxy/internal/oidc/handler.go:215.2,230.48 4 0
github.com/CSTDPP/graylog-auth-proxy/internal/oidc/handler.go:230.48,234.3 3 0
github.com/CSTDPP/graylog-auth-proxy/internal/oidc/handler.go:236.2,236.44 1 0
github.com/CSTDPP/graylog-auth-proxy/internal/oidc/handler.go:241.72,254.2 4 0
github.com/CSTDPP/graylog-auth-proxy/internal/oidc/handler.go:257.39,259.40 2 0
github.com/CSTDPP/graylog-auth-proxy/internal/oidc/handler.go:259.40,261.3 1 0
github.com/CSTDPP/graylog-auth-proxy/internal/oidc/handler.go:262.2,262.35 1 0
github.com/CSTDPP/graylog-auth-proxy/internal/oidc/handler.go:267.43,269.40 2 0
github.com/CSTDPP/graylog-auth-proxy/internal/oidc/handler.go:269.40,271.3 1 0
github.com/CSTDPP/graylog-auth-proxy/internal/oidc/handler.go:272.2,272.53 1 0
github.com/CSTDPP/graylog-auth-proxy/internal/oidc/handler.go:276.48,279.2 2 0
github.com/CSTDPP/graylog-auth-proxy/internal/config/config.go:37.30,52.26 2 8
github.com/CSTDPP/graylog-auth-proxy/internal/config/config.go:52.26,54.3 1 8
github.com/CSTDPP/graylog-auth-proxy/internal/config/config.go:55.2,55.27 1 8
github.com/CSTDPP/graylog-auth-proxy/internal/config/config.go:55.27,57.3 1 8
github.com/CSTDPP/graylog-auth-proxy/internal/config/config.go:59.2,72.34 3 8
github.com/CSTDPP/graylog-auth-proxy/internal/config/config.go:72.34,73.16 1 64
github.com/CSTDPP/graylog-auth-proxy/internal/config/config.go:73.16,75.4 1 1
github.com/CSTDPP/graylog-auth-proxy/internal/config/config.go:79.2,80.25 2 8
github.com/CSTDPP/graylog-auth-proxy/internal/config/config.go:80.25,82.3 1 0
github.com/CSTDPP/graylog-auth-proxy/internal/config/config.go:82.8,84.17 2 8
github.com/CSTDPP/graylog-auth-proxy/internal/config/config.go:84.17,86.4 1 2
github.com/CSTDPP/graylog-auth-proxy/internal/config/config.go:86.9,86.32 1 6
github.com/CSTDPP/graylog-auth-proxy/internal/config/config.go:86.32,88.4 1 0
github.com/CSTDPP/graylog-auth-proxy/internal/config/config.go:88.9,90.4 1 6
github.com/CSTDPP/graylog-auth-proxy/internal/config/config.go:94.2,95.23 2 8
github.com/CSTDPP/graylog-auth-proxy/internal/config/config.go:95.23,97.3 1 0
github.com/CSTDPP/graylog-auth-proxy/internal/config/config.go:97.8,99.71 2 8
github.com/CSTDPP/graylog-auth-proxy/internal/config/config.go:99.71,101.4 1 1
github.com/CSTDPP/graylog-auth-proxy/internal/config/config.go:101.9,103.4 1 7
github.com/CSTDPP/graylog-auth-proxy/internal/config/config.go:107.2,108.64 2 8
github.com/CSTDPP/graylog-auth-proxy/internal/config/config.go:108.64,110.17 2 1
github.com/CSTDPP/graylog-auth-proxy/internal/config/config.go:110.17,112.4 1 0
github.com/CSTDPP/graylog-auth-proxy/internal/config/config.go:112.9,114.4 1 1
github.com/CSTDPP/graylog-auth-proxy/internal/config/config.go:117.2,117.19 1 8
github.com/CSTDPP/graylog-auth-proxy/internal/config/config.go:117.19,119.3 1 4
github.com/CSTDPP/graylog-auth-proxy/internal/config/config.go:121.2,121.17 1 4
github.com/CSTDPP/graylog-auth-proxy/internal/observability/metrics.go:23.53,61.2 3 1
github.com/CSTDPP/graylog-auth-proxy/internal/observability/metrics.go:65.40,66.54 1 1
github.com/CSTDPP/graylog-auth-proxy/internal/observability/metrics.go:66.54,71.3 4 1
github.com/CSTDPP/graylog-auth-proxy/internal/observability/metrics.go:82.66,83.54 1 2
github.com/CSTDPP/graylog-auth-proxy/internal/observability/metrics.go:83.54,86.60 2 2
github.com/CSTDPP/graylog-auth-proxy/internal/observability/metrics.go:86.60,91.4 4 1
github.com/CSTDPP/graylog-auth-proxy/internal/observability/metrics.go:93.3,95.34 3 1
github.com/CSTDPP/graylog-auth-proxy/internal/provision/provisioner.go:38.56,43.2 1 6
github.com/CSTDPP/graylog-auth-proxy/internal/provision/provisioner.go:49.75,51.16 2 6
github.com/CSTDPP/graylog-auth-proxy/internal/provision/provisioner.go:51.16,53.3 1 1
github.com/CSTDPP/graylog-auth-proxy/internal/provision/provisioner.go:55.2,55.17 1 5
github.com/CSTDPP/graylog-auth-proxy/internal/provision/provisioner.go:55.17,57.20 2 3
github.com/CSTDPP/graylog-auth-proxy/internal/provision/provisioner.go:57.20,59.4 1 0
github.com/CSTDPP/graylog-auth-proxy/internal/provision/provisioner.go:61.3,70.61 2 3
github.com/CSTDPP/graylog-auth-proxy/internal/provision/provisioner.go:70.61,72.4 1 1
github.com/CSTDPP/graylog-auth-proxy/internal/provision/provisioner.go:74.3,76.37 1 2
github.com/CSTDPP/graylog-auth-proxy/internal/provision/provisioner.go:79.2,79.81 1 4
github.com/CSTDPP/graylog-auth-proxy/internal/provision/provisioner.go:79.81,81.3 1 1
github.com/CSTDPP/graylog-auth-proxy/internal/provision/provisioner.go:83.2,87.12 2 3
github.com/CSTDPP/graylog-auth-proxy/internal/provision/provisioner.go:92.50,94.40 2 3
github.com/CSTDPP/graylog-auth-proxy/internal/provision/provisioner.go:94.40,96.3 1 0
github.com/CSTDPP/graylog-auth-proxy/internal/provision/provisioner.go:97.2,97.35 1 3
github.com/CSTDPP/graylog-auth-proxy/internal/session/manager.go:33.60,45.2 5 6
github.com/CSTDPP/graylog-auth-proxy/internal/session/manager.go:49.58,51.16 2 5
github.com/CSTDPP/graylog-auth-proxy/internal/session/manager.go:51.16,53.3 1 1
github.com/CSTDPP/graylog-auth-proxy/internal/session/manager.go:55.2,56.69 2 4
github.com/CSTDPP/graylog-auth-proxy/internal/session/manager.go:56.69,58.3 1 2
github.com/CSTDPP/graylog-auth-proxy/internal/session/manager.go:60.2,60.35 1 2
github.com/CSTDPP/graylog-auth-proxy/internal/session/manager.go:60.35,62.3 1 1
github.com/CSTDPP/graylog-auth-proxy/internal/session/manager.go:64.2,64.16 1 1
github.com/CSTDPP/graylog-auth-proxy/internal/session/manager.go:68.70,70.16 2 3
github.com/CSTDPP/graylog-auth-proxy/internal/session/manager.go:70.16,72.3 1 0
github.com/CSTDPP/graylog-auth-proxy/internal/session/manager.go:74.2,84.12 2 3
github.com/CSTDPP/graylog-auth-proxy/internal/session/manager.go:89.48,99.2 1 1
github.com/CSTDPP/graylog-auth-proxy/internal/roles/mapper.go:13.71,16.28 2 8
github.com/CSTDPP/graylog-auth-proxy/internal/roles/mapper.go:16.28,18.3 1 24
github.com/CSTDPP/graylog-auth-proxy/internal/roles/mapper.go:19.2,22.3 1 8
github.com/CSTDPP/graylog-auth-proxy/internal/roles/mapper.go:28.52,32.39 3 8
github.com/CSTDPP/graylog-auth-proxy/internal/roles/mapper.go:32.39,34.10 2 12
github.com/CSTDPP/graylog-auth-proxy/internal/roles/mapper.go:34.10,35.12 1 4
github.com/CSTDPP/graylog-auth-proxy/internal/roles/mapper.go:37.3,37.24 1 8
github.com/CSTDPP/graylog-auth-proxy/internal/roles/mapper.go:37.24,38.12 1 1
github.com/CSTDPP/graylog-auth-proxy/internal/roles/mapper.go:40.3,41.39 2 7
github.com/CSTDPP/graylog-auth-proxy/internal/roles/mapper.go:44.2,44.22 1 8
github.com/CSTDPP/graylog-auth-proxy/internal/roles/mapper.go:44.22,46.3 1 3
github.com/CSTDPP/graylog-auth-proxy/internal/roles/mapper.go:47.2,47.15 1 5
github.com/CSTDPP/graylog-auth-proxy/internal/proxy/handler.go:49.12,55.37 2 5
github.com/CSTDPP/graylog-auth-proxy/internal/proxy/handler.go:55.37,59.4 3 3
github.com/CSTDPP/graylog-auth-proxy/internal/proxy/handler.go:63.2,74.3 2 5
github.com/CSTDPP/graylog-auth-proxy/internal/proxy/handler.go:79.69,85.16 4 5
github.com/CSTDPP/graylog-auth-proxy/internal/proxy/handler.go:85.16,90.3 4 1
github.com/CSTDPP/graylog-auth-proxy/internal/proxy/handler.go:92.2,112.71 9 4
github.com/CSTDPP/graylog-auth-proxy/internal/proxy/handler.go:112.71,119.3 4 1
github.com/CSTDPP/graylog-auth-proxy/internal/proxy/handler.go:121.2,126.21 3 3
github.com/CSTDPP/graylog-auth-proxy/internal/proxy/handler.go:126.21,128.3 1 0
github.com/CSTDPP/graylog-auth-proxy/internal/proxy/handler.go:128.8,130.3 1 3
github.com/CSTDPP/graylog-auth-proxy/internal/proxy/handler.go:133.2,136.84 4 3
github.com/CSTDPP/graylog-auth-proxy/internal/proxy/handler.go:147.49,148.21 1 3
github.com/CSTDPP/graylog-auth-proxy/internal/proxy/handler.go:148.21,151.3 2 3
github.com/CSTDPP/graylog-auth-proxy/internal/proxy/handler.go:152.2,152.37 1 3
github.com/CSTDPP/graylog-auth-proxy/internal/proxy/handler.go:155.35,156.51 1 0
github.com/CSTDPP/graylog-auth-proxy/internal/proxy/handler.go:156.51,158.3 1 0
github.com/CSTDPP/graylog-auth-proxy/internal/proxy/handler.go:164.47,165.31 1 5
github.com/CSTDPP/graylog-auth-proxy/internal/proxy/handler.go:165.31,167.3 1 0
github.com/CSTDPP/graylog-auth-proxy/internal/proxy/handler.go:170.2,171.33 2 5
github.com/CSTDPP/graylog-auth-proxy/internal/proxy/handler.go:171.33,172.21 1 41
github.com/CSTDPP/graylog-auth-proxy/internal/proxy/handler.go:172.21,174.21 2 5
github.com/CSTDPP/graylog-auth-proxy/internal/proxy/handler.go:174.21,176.5 1 0
github.com/CSTDPP/graylog-auth-proxy/internal/proxy/handler.go:179.2,179.13 1 5
github.com/CSTDPP/graylog-auth-proxy/internal/proxy/sse.go:25.113,32.2 1 7
github.com/CSTDPP/graylog-auth-proxy/internal/proxy/sse.go:37.72,47.16 7 2
github.com/CSTDPP/graylog-auth-proxy/internal/proxy/sse.go:47.16,52.3 3 0
github.com/CSTDPP/graylog-auth-proxy/internal/proxy/sse.go:55.2,55.36 1 2
github.com/CSTDPP/graylog-auth-proxy/internal/proxy/sse.go:55.36,56.28 1 0
github.com/CSTDPP/graylog-auth-proxy/internal/proxy/sse.go:56.28,58.4 1 0
github.com/CSTDPP/graylog-auth-proxy/internal/proxy/sse.go:60.2,63.16 3 2
github.com/CSTDPP/graylog-auth-proxy/internal/proxy/sse.go:63.16,68.3 3 1
github.com/CSTDPP/graylog-auth-proxy/internal/proxy/sse.go:69.2,72.39 2 1
github.com/CSTDPP/graylog-auth-proxy/internal/proxy/sse.go:72.39,73.28 1 3
github.com/CSTDPP/graylog-auth-proxy/internal/proxy/sse.go:73.28,75.4 1 3
github.com/CSTDPP/graylog-auth-proxy/internal/proxy/sse.go:77.2,79.42 3 1
github.com/CSTDPP/graylog-auth-proxy/internal/proxy/sse.go:79.42,81.3 1 0
github.com/CSTDPP/graylog-auth-proxy/internal/proxy/sse.go:82.2,88.6 4 1
github.com/CSTDPP/graylog-auth-proxy/internal/proxy/sse.go:88.6,90.12 2 1
github.com/CSTDPP/graylog-auth-proxy/internal/proxy/sse.go:90.12,91.56 1 1
github.com/CSTDPP/graylog-auth-proxy/internal/proxy/sse.go:91.56,95.5 2 0
github.com/CSTDPP/graylog-auth-proxy/internal/proxy/sse.go:96.4,96.18 1 1
github.com/CSTDPP/graylog-auth-proxy/internal/proxy/sse.go:96.18,98.5 1 1
github.com/CSTDPP/graylog-auth-proxy/internal/proxy/sse.go:100.3,100.21 1 1
github.com/CSTDPP/graylog-auth-proxy/internal/proxy/sse.go:100.21,101.25 1 1
github.com/CSTDPP/graylog-auth-proxy/internal/proxy/sse.go:101.25,104.5 1 0
github.com/CSTDPP/graylog-auth-proxy/internal/proxy/sse.go:105.4,105.10 1 1
github.com/CSTDPP/graylog-auth-proxy/internal/proxy/sse.go:113.41,114.48 1 8
github.com/CSTDPP/graylog-auth-proxy/internal/proxy/sse.go:114.48,116.3 1 2
github.com/CSTDPP/graylog-auth-proxy/internal/proxy/sse.go:117.2,117.70 1 6
